[ 2017-06-07T08:03:34+08:00 ] 127.0.0.1 /xionghaizi/admin.php
INFO: [ app_init ] --START--
INFO: Run Behavior\BuildLiteBehavior [ RunTime:0.000019s ]
INFO: [ app_init ] --END-- [ RunTime:0.000799s ]
INFO: [ app_begin ] --START--
INFO: Run Behavior\ReadHtmlCacheBehavior [ RunTime:0.000948s ]
INFO: [ app_begin ] --END-- [ RunTime:0.001043s ]

[ 2017-06-07T08:03:34+08:00 ] 127.0.0.1 /xionghaizi/admin.php/Admin/login.html
INFO: [ app_init ] --START--
INFO: Run Behavior\BuildLiteBehavior [ RunTime:0.000016s ]
INFO: [ app_init ] --END-- [ RunTime:0.000413s ]
INFO: [ app_begin ] --START--
INFO: Run Behavior\ReadHtmlCacheBehavior [ RunTime:0.000512s ]
INFO: [ app_begin ] --END-- [ RunTime:0.000567s ]
INFO: [ view_parse ] --START--
INFO: [ template_filter ] --START--
INFO: Run Behavior\ContentReplaceBehavior [ RunTime:0.000086s ]
INFO: [ template_filter ] --END-- [ RunTime:0.000154s ]
INFO: Run Behavior\ParseTemplateBehavior [ RunTime:0.109395s ]
INFO: [ view_parse ] --END-- [ RunTime:0.109501s ]
INFO: [ view_filter ] --START--
INFO: Run Behavior\WriteHtmlCacheBehavior [ RunTime:0.000708s ]
INFO: [ view_filter ] --END-- [ RunTime:0.000761s ]
INFO: [ app_end ] --START--
INFO: Run Behavior\ShowPageTraceBehavior [ RunTime:0.013559s ]
INFO: [ app_end ] --END-- [ RunTime:0.013626s ]

[ 2017-06-07T08:03:38+08:00 ] 127.0.0.1 /xionghaizi/admin.php/Admin/login.html
INFO: [ app_init ] --START--
INFO: Run Behavior\BuildLiteBehavior [ RunTime:0.000043s ]
INFO: [ app_init ] --END-- [ RunTime:0.000600s ]
INFO: [ app_begin ] --START--
INFO: Run Behavior\ReadHtmlCacheBehavior [ RunTime:0.000435s ]
INFO: [ app_begin ] --END-- [ RunTime:0.000491s ]
NOTIC: [2] PDO::__construct() [<a href='pdo.--construct'>pdo.--construct</a>]: [2002] ”…”⁄ƒø±Íº∆À„ª˙ª˝º´æ‹æ¯£¨Œﬁ∑®¡¨Ω”°£
 (trying to connect via tcp://localhost:3306) E:\gongju\HTML5\websever\apache2.2\htdocs\xionghaizi\ThinkPHP\Library\Think\Db\Driver.class.php Á¨¨ 103 Ë°å.
ERR: SQLSTATE[HY000] [2002] ”…”⁄ƒø±Íº∆À„ª˙ª˝º´æ‹æ¯£¨Œﬁ∑®¡¨Ω”°£


[ 2017-06-07T08:04:03+08:00 ] 127.0.0.1 /xionghaizi/admin.php/Admin/login.html
INFO: [ app_init ] --START--
INFO: Run Behavior\BuildLiteBehavior [ RunTime:0.000014s ]
INFO: [ app_init ] --END-- [ RunTime:0.000384s ]
INFO: [ app_begin ] --START--
INFO: Run Behavior\ReadHtmlCacheBehavior [ RunTime:0.000678s ]
INFO: [ app_begin ] --END-- [ RunTime:0.000750s ]
SQL: SHOW COLUMNS FROM `admin` [ RunTime:0.0374s ]
SQL: SELECT COUNT(*) AS tp_count FROM `admin` WHERE `adminname` = 'xionghaizi' AND `adminpass` = '123456' LIMIT 1   [ RunTime:0.0006s ]

[ 2017-06-07T08:04:04+08:00 ] 127.0.0.1 /xionghaizi/admin.php/Index/index.html
INFO: [ app_init ] --START--
INFO: Run Behavior\BuildLiteBehavior [ RunTime:0.000021s ]
INFO: [ app_init ] --END-- [ RunTime:0.000497s ]
INFO: [ app_begin ] --START--
INFO: Run Behavior\ReadHtmlCacheBehavior [ RunTime:0.000673s ]
INFO: [ app_begin ] --END-- [ RunTime:0.000757s ]
SQL: SHOW COLUMNS FROM `admin` [ RunTime:0.0044s ]
NOTIC: [8] Undefined variable: id E:\gongju\HTML5\websever\apache2.2\htdocs\xionghaizi\Application\Admin\Controller\IndexController.class.php Á¨¨ 18 Ë°å.
NOTIC: [8] Undefined variable: id E:\gongju\HTML5\websever\apache2.2\htdocs\xionghaizi\Application\Admin\Controller\IndexController.class.php Á¨¨ 19 Ë°å.
SQL: SELECT * FROM `admin` LIMIT 1   [ RunTime:0.0004s ]
INFO: [ view_parse ] --START--
INFO: [ template_filter ] --START--
INFO: Run Behavior\ContentReplaceBehavior [ RunTime:0.000093s ]
INFO: [ template_filter ] --END-- [ RunTime:0.000170s ]
NOTIC: [8] Undefined index: logintimes E:\gongju\HTML5\websever\apache2.2\htdocs\xionghaizi\Application\Runtime\Cache\Admin\b595b808c2ebeeeb0478ffc30bb4e87a.php Á¨¨ 77 Ë°å.
NOTIC: [8] Undefined index: SERVER_TYPE E:\gongju\HTML5\websever\apache2.2\htdocs\xionghaizi\Application\Runtime\Cache\Admin\b595b808c2ebeeeb0478ffc30bb4e87a.php Á¨¨ 85 Ë°å.
NOTIC: [8] Undefined index: HTTP_CLIENT_IP E:\gongju\HTML5\websever\apache2.2\htdocs\xionghaizi\Application\Runtime\Cache\Admin\b595b808c2ebeeeb0478ffc30bb4e87a.php Á¨¨ 89 Ë°å.
INFO: Run Behavior\ParseTemplateBehavior [ RunTime:0.022594s ]
INFO: [ view_parse ] --END-- [ RunTime:0.022670s ]
INFO: [ view_filter ] --START--
INFO: Run Behavior\WriteHtmlCacheBehavior [ RunTime:0.000331s ]
INFO: [ view_filter ] --END-- [ RunTime:0.000397s ]
INFO: [ app_end ] --START--
INFO: Run Behavior\ShowPageTraceBehavior [ RunTime:0.000617s ]
INFO: [ app_end ] --END-- [ RunTime:0.000677s ]

[ 2017-06-07T08:04:09+08:00 ] 127.0.0.1 /xionghaizi/admin.php/Comment/lists.html
INFO: [ app_init ] --START--
INFO: Run Behavior\BuildLiteBehavior [ RunTime:0.000014s ]
INFO: [ app_init ] --END-- [ RunTime:0.000357s ]
INFO: [ app_begin ] --START--
INFO: Run Behavior\ReadHtmlCacheBehavior [ RunTime:0.000584s ]
INFO: [ app_begin ] --END-- [ RunTime:0.000650s ]
ERR: 1146:Table 'xionghaizi.comments' doesn't exist
 [ SQLËØ≠Âè• ] : SHOW COLUMNS FROM `comments`
ERR: 1146:Table 'xionghaizi.comments' doesn't exist
 [ SQLËØ≠Âè• ] : SHOW COLUMNS FROM `comments`

[ 2017-06-07T08:04:17+08:00 ] 127.0.0.1 /xionghaizi/admin.php/Comment/lists.html
INFO: [ app_init ] --START--
INFO: Run Behavior\BuildLiteBehavior [ RunTime:0.000014s ]
INFO: [ app_init ] --END-- [ RunTime:0.000365s ]
INFO: [ app_begin ] --START--
INFO: Run Behavior\ReadHtmlCacheBehavior [ RunTime:0.000454s ]
INFO: [ app_begin ] --END-- [ RunTime:0.000511s ]
ERR: 1146:Table 'xionghaizi.comments' doesn't exist
 [ SQLËØ≠Âè• ] : SHOW COLUMNS FROM `comments`
ERR: 1146:Table 'xionghaizi.comments' doesn't exist
 [ SQLËØ≠Âè• ] : SHOW COLUMNS FROM `comments`

[ 2017-06-07T08:05:01+08:00 ] 127.0.0.1 /xionghaizi/admin.php/Index/index.html
INFO: [ app_init ] --START--
INFO: Run Behavior\BuildLiteBehavior [ RunTime:0.000015s ]
INFO: [ app_init ] --END-- [ RunTime:0.000652s ]
INFO: [ app_begin ] --START--
INFO: Run Behavior\ReadHtmlCacheBehavior [ RunTime:0.000816s ]
INFO: [ app_begin ] --END-- [ RunTime:0.000882s ]
SQL: SHOW COLUMNS FROM `admin` [ RunTime:0.0920s ]
NOTIC: [8] Undefined variable: id E:\gongju\HTML5\websever\apache2.2\htdocs\xionghaizi\Application\Admin\Controller\IndexController.class.php Á¨¨ 18 Ë°å.
NOTIC: [8] Undefined variable: id E:\gongju\HTML5\websever\apache2.2\htdocs\xionghaizi\Application\Admin\Controller\IndexController.class.php Á¨¨ 19 Ë°å.
SQL: SELECT * FROM `admin` LIMIT 1   [ RunTime:0.0005s ]
INFO: [ view_parse ] --START--
INFO: [ template_filter ] --START--
INFO: Run Behavior\ContentReplaceBehavior [ RunTime:0.000108s ]
INFO: [ template_filter ] --END-- [ RunTime:0.000175s ]
NOTIC: [8] Undefined index: logintimes E:\gongju\HTML5\websever\apache2.2\htdocs\xionghaizi\Application\Runtime\Cache\Admin\b595b808c2ebeeeb0478ffc30bb4e87a.php Á¨¨ 77 Ë°å.
NOTIC: [8] Undefined index: SERVER_TYPE E:\gongju\HTML5\websever\apache2.2\htdocs\xionghaizi\Application\Runtime\Cache\Admin\b595b808c2ebeeeb0478ffc30bb4e87a.php Á¨¨ 85 Ë°å.
NOTIC: [8] Undefined index: HTTP_CLIENT_IP E:\gongju\HTML5\websever\apache2.2\htdocs\xionghaizi\Application\Runtime\Cache\Admin\b595b808c2ebeeeb0478ffc30bb4e87a.php Á¨¨ 89 Ë°å.
INFO: Run Behavior\ParseTemplateBehavior [ RunTime:0.013152s ]
INFO: [ view_parse ] --END-- [ RunTime:0.013206s ]
INFO: [ view_filter ] --START--
INFO: Run Behavior\WriteHtmlCacheBehavior [ RunTime:0.000339s ]
INFO: [ view_filter ] --END-- [ RunTime:0.000395s ]
INFO: [ app_end ] --START--
INFO: Run Behavior\ShowPageTraceBehavior [ RunTime:0.000743s ]
INFO: [ app_end ] --END-- [ RunTime:0.000801s ]

[ 2017-06-07T08:05:03+08:00 ] 127.0.0.1 /xionghaizi/admin.php/Comment/lists.html
INFO: [ app_init ] --START--
INFO: Run Behavior\BuildLiteBehavior [ RunTime:0.000015s ]
INFO: [ app_init ] --END-- [ RunTime:0.000363s ]
INFO: [ app_begin ] --START--
INFO: Run Behavior\ReadHtmlCacheBehavior [ RunTime:0.000551s ]
INFO: [ app_begin ] --END-- [ RunTime:0.000623s ]
SQL: SHOW COLUMNS FROM `comments` [ RunTime:0.0053s ]
SQL: SELECT COUNT(*) AS tp_count FROM `comments` LIMIT 1   [ RunTime:0.0004s ]
SQL: SHOW COLUMNS FROM `users` [ RunTime:0.0045s ]
NOTIC: [8] Undefined variable: result E:\gongju\HTML5\websever\apache2.2\htdocs\xionghaizi\Application\Admin\Controller\CommentController.class.php Á¨¨ 23 Ë°å.
SQL: SELECT * FROM `comments` INNER JOIN share ON comments.shareid = share.shareid INNER JOIN users ON comments.commentuserid = users.id   [ RunTime:0.0007s ]
INFO: [ view_parse ] --START--
INFO: [ template_filter ] --START--
INFO: Run Behavior\ContentReplaceBehavior [ RunTime:0.000077s ]
INFO: [ template_filter ] --END-- [ RunTime:0.000160s ]
INFO: Run Behavior\ParseTemplateBehavior [ RunTime:0.051793s ]
INFO: [ view_parse ] --END-- [ RunTime:0.051881s ]
INFO: [ view_filter ] --START--
INFO: Run Behavior\WriteHtmlCacheBehavior [ RunTime:0.000333s ]
INFO: [ view_filter ] --END-- [ RunTime:0.000378s ]
INFO: [ app_end ] --START--
INFO: Run Behavior\ShowPageTraceBehavior [ RunTime:0.000710s ]
INFO: [ app_end ] --END-- [ RunTime:0.000758s ]

[ 2017-06-07T08:06:06+08:00 ] 127.0.0.1 /xionghaizi/admin.php/Share/lists.html
INFO: [ app_init ] --START--
INFO: Run Behavior\BuildLiteBehavior [ RunTime:0.000016s ]
INFO: [ app_init ] --END-- [ RunTime:0.000378s ]
INFO: [ app_begin ] --START--
INFO: Run Behavior\ReadHtmlCacheBehavior [ RunTime:0.000620s ]
INFO: [ app_begin ] --END-- [ RunTime:0.000688s ]
INFO: [ view_parse ] --START--
INFO: [ template_filter ] --START--
INFO: Run Behavior\ContentReplaceBehavior [ RunTime:0.000074s ]
INFO: [ template_filter ] --END-- [ RunTime:0.000139s ]
INFO: Run Behavior\ParseTemplateBehavior [ RunTime:0.015696s ]
INFO: [ view_parse ] --END-- [ RunTime:0.015780s ]
INFO: [ view_filter ] --START--
INFO: Run Behavior\WriteHtmlCacheBehavior [ RunTime:0.000525s ]
INFO: [ view_filter ] --END-- [ RunTime:0.000573s ]
INFO: [ app_end ] --START--
INFO: Run Behavior\ShowPageTraceBehavior [ RunTime:0.000672s ]
INFO: [ app_end ] --END-- [ RunTime:0.000737s ]

[ 2017-06-07T08:06:10+08:00 ] 127.0.0.1 /xionghaizi/admin.php/Share/add_share.html?rec=add
INFO: [ app_init ] --START--
INFO: Run Behavior\BuildLiteBehavior [ RunTime:0.000014s ]
INFO: [ app_init ] --END-- [ RunTime:0.000365s ]
INFO: [ app_begin ] --START--
INFO: Run Behavior\ReadHtmlCacheBehavior [ RunTime:0.000482s ]
INFO: [ app_begin ] --END-- [ RunTime:0.000539s ]
ERR: ÈùûÊ≥ïÊìç‰Ωú:add_share

[ 2017-06-07T08:06:13+08:00 ] 127.0.0.1 /xionghaizi/admin.php/Study/lists.html
INFO: [ app_init ] --START--
INFO: Run Behavior\BuildLiteBehavior [ RunTime:0.000013s ]
INFO: [ app_init ] --END-- [ RunTime:0.000348s ]
INFO: [ app_begin ] --START--
INFO: Run Behavior\ReadHtmlCacheBehavior [ RunTime:0.000474s ]
INFO: [ app_begin ] --END-- [ RunTime:0.000530s ]
INFO: [ view_parse ] --START--
INFO: [ template_filter ] --START--
INFO: Run Behavior\ContentReplaceBehavior [ RunTime:0.000067s ]
INFO: [ template_filter ] --END-- [ RunTime:0.000135s ]
INFO: Run Behavior\ParseTemplateBehavior [ RunTime:0.037142s ]
INFO: [ view_parse ] --END-- [ RunTime:0.037233s ]
INFO: [ view_filter ] --START--
INFO: Run Behavior\WriteHtmlCacheBehavior [ RunTime:0.000559s ]
INFO: [ view_filter ] --END-- [ RunTime:0.000624s ]
INFO: [ app_end ] --START--
INFO: Run Behavior\ShowPageTraceBehavior [ RunTime:0.000634s ]
INFO: [ app_end ] --END-- [ RunTime:0.000688s ]

[ 2017-06-07T08:06:15+08:00 ] 127.0.0.1 /xionghaizi/admin.php/Study/addstudy.html
INFO: [ app_init ] --START--
INFO: Run Behavior\BuildLiteBehavior [ RunTime:0.000013s ]
INFO: [ app_init ] --END-- [ RunTime:0.000322s ]
INFO: [ app_begin ] --START--
INFO: Run Behavior\ReadHtmlCacheBehavior [ RunTime:0.000475s ]
INFO: [ app_begin ] --END-- [ RunTime:0.000531s ]
INFO: [ view_parse ] --START--
INFO: [ template_filter ] --START--
INFO: Run Behavior\ContentReplaceBehavior [ RunTime:0.000071s ]
INFO: [ template_filter ] --END-- [ RunTime:0.000140s ]
INFO: Run Behavior\ParseTemplateBehavior [ RunTime:0.040604s ]
INFO: [ view_parse ] --END-- [ RunTime:0.040663s ]
INFO: [ view_filter ] --START--
INFO: Run Behavior\WriteHtmlCacheBehavior [ RunTime:0.000330s ]
INFO: [ view_filter ] --END-- [ RunTime:0.000376s ]
INFO: [ app_end ] --START--
INFO: Run Behavior\ShowPageTraceBehavior [ RunTime:0.000627s ]
INFO: [ app_end ] --END-- [ RunTime:0.000677s ]

[ 2017-06-07T09:21:43+08:00 ] 127.0.0.1 /xionghaizi/admin.php
INFO: [ app_init ] --START--
INFO: Run Behavior\BuildLiteBehavior [ RunTime:0.000016s ]
INFO: [ app_init ] --END-- [ RunTime:0.000465s ]
INFO: [ app_begin ] --START--
INFO: Run Behavior\ReadHtmlCacheBehavior [ RunTime:0.000818s ]
INFO: [ app_begin ] --END-- [ RunTime:0.000902s ]

[ 2017-06-07T09:21:43+08:00 ] 127.0.0.1 /xionghaizi/admin.php/Admin/login.html
INFO: [ app_init ] --START--
INFO: Run Behavior\BuildLiteBehavior [ RunTime:0.000014s ]
INFO: [ app_init ] --END-- [ RunTime:0.000343s ]
INFO: [ app_begin ] --START--
INFO: Run Behavior\ReadHtmlCacheBehavior [ RunTime:0.000491s ]
INFO: [ app_begin ] --END-- [ RunTime:0.000548s ]
INFO: [ view_parse ] --START--
INFO: [ template_filter ] --START--
INFO: Run Behavior\ContentReplaceBehavior [ RunTime:0.000080s ]
INFO: [ template_filter ] --END-- [ RunTime:0.000145s ]
INFO: Run Behavior\ParseTemplateBehavior [ RunTime:0.018589s ]
INFO: [ view_parse ] --END-- [ RunTime:0.018665s ]
INFO: [ view_filter ] --START--
INFO: Run Behavior\WriteHtmlCacheBehavior [ RunTime:0.000342s ]
INFO: [ view_filter ] --END-- [ RunTime:0.000388s ]
INFO: [ app_end ] --START--
INFO: Run Behavior\ShowPageTraceBehavior [ RunTime:0.000572s ]
INFO: [ app_end ] --END-- [ RunTime:0.000622s ]

[ 2017-06-07T09:21:45+08:00 ] 127.0.0.1 /xionghaizi/admin.php/Admin/login.html
INFO: [ app_init ] --START--
INFO: Run Behavior\BuildLiteBehavior [ RunTime:0.000013s ]
INFO: [ app_init ] --END-- [ RunTime:0.000348s ]
INFO: [ app_begin ] --START--
INFO: Run Behavior\ReadHtmlCacheBehavior [ RunTime:0.000485s ]
INFO: [ app_begin ] --END-- [ RunTime:0.000541s ]
SQL: SHOW COLUMNS FROM `admin` [ RunTime:0.0059s ]
SQL: SELECT COUNT(*) AS tp_count FROM `admin` WHERE `adminname` = 'xionghaizi' AND `adminpass` = '123456' LIMIT 1   [ RunTime:0.0005s ]

[ 2017-06-07T09:21:46+08:00 ] 127.0.0.1 /xionghaizi/admin.php/Index/index.html
INFO: [ app_init ] --START--
INFO: Run Behavior\BuildLiteBehavior [ RunTime:0.000016s ]
INFO: [ app_init ] --END-- [ RunTime:0.000395s ]
INFO: [ app_begin ] --START--
INFO: Run Behavior\ReadHtmlCacheBehavior [ RunTime:0.000523s ]
INFO: [ app_begin ] --END-- [ RunTime:0.000579s ]
SQL: SHOW COLUMNS FROM `admin` [ RunTime:0.0058s ]
NOTIC: [8] Undefined variable: id E:\gongju\HTML5\websever\apache2.2\htdocs\xionghaizi\Application\Admin\Controller\IndexController.class.php Á¨¨ 18 Ë°å.
NOTIC: [8] Undefined variable: id E:\gongju\HTML5\websever\apache2.2\htdocs\xionghaizi\Application\Admin\Controller\IndexController.class.php Á¨¨ 19 Ë°å.
SQL: SELECT * FROM `admin` LIMIT 1   [ RunTime:0.0005s ]
INFO: [ view_parse ] --START--
INFO: [ template_filter ] --START--
INFO: Run Behavior\ContentReplaceBehavior [ RunTime:0.000072s ]
INFO: [ template_filter ] --END-- [ RunTime:0.000133s ]
NOTIC: [8] Undefined index: logintimes E:\gongju\HTML5\websever\apache2.2\htdocs\xionghaizi\Application\Runtime\Cache\Admin\b595b808c2ebeeeb0478ffc30bb4e87a.php Á¨¨ 77 Ë°å.
NOTIC: [8] Undefined index: SERVER_TYPE E:\gongju\HTML5\websever\apache2.2\htdocs\xionghaizi\Application\Runtime\Cache\Admin\b595b808c2ebeeeb0478ffc30bb4e87a.php Á¨¨ 85 Ë°å.
NOTIC: [8] Undefined index: HTTP_CLIENT_IP E:\gongju\HTML5\websever\apache2.2\htdocs\xionghaizi\Application\Runtime\Cache\Admin\b595b808c2ebeeeb0478ffc30bb4e87a.php Á¨¨ 89 Ë°å.
INFO: Run Behavior\ParseTemplateBehavior [ RunTime:0.041289s ]
INFO: [ view_parse ] --END-- [ RunTime:0.041342s ]
INFO: [ view_filter ] --START--
INFO: Run Behavior\WriteHtmlCacheBehavior [ RunTime:0.000227s ]
INFO: [ view_filter ] --END-- [ RunTime:0.000270s ]
INFO: [ app_end ] --START--
INFO: Run Behavior\ShowPageTraceBehavior [ RunTime:0.000484s ]
INFO: [ app_end ] --END-- [ RunTime:0.000533s ]

[ 2017-06-07T09:21:51+08:00 ] 127.0.0.1 /xionghaizi/admin.php/Comment/lists.html
INFO: [ app_init ] --START--
INFO: Run Behavior\BuildLiteBehavior [ RunTime:0.000014s ]
INFO: [ app_init ] --END-- [ RunTime:0.000342s ]
INFO: [ app_begin ] --START--
INFO: Run Behavior\ReadHtmlCacheBehavior [ RunTime:0.000462s ]
INFO: [ app_begin ] --END-- [ RunTime:0.000519s ]
SQL: SHOW COLUMNS FROM `comments` [ RunTime:0.0058s ]
SQL: SELECT COUNT(*) AS tp_count FROM `comments` LIMIT 1   [ RunTime:0.0004s ]
SQL: SHOW COLUMNS FROM `users` [ RunTime:0.0066s ]
NOTIC: [8] Undefined variable: result E:\gongju\HTML5\websever\apache2.2\htdocs\xionghaizi\Application\Admin\Controller\CommentController.class.php Á¨¨ 23 Ë°å.
SQL: SELECT * FROM `comments` INNER JOIN share ON comments.shareid = share.shareid INNER JOIN users ON comments.commentuserid = users.id   [ RunTime:0.0008s ]
INFO: [ view_parse ] --START--
INFO: [ template_filter ] --START--
INFO: Run Behavior\ContentReplaceBehavior [ RunTime:0.000066s ]
INFO: [ template_filter ] --END-- [ RunTime:0.000118s ]
INFO: Run Behavior\ParseTemplateBehavior [ RunTime:0.008038s ]
INFO: [ view_parse ] --END-- [ RunTime:0.008101s ]
INFO: [ view_filter ] --START--
INFO: Run Behavior\WriteHtmlCacheBehavior [ RunTime:0.000240s ]
INFO: [ view_filter ] --END-- [ RunTime:0.000296s ]
INFO: [ app_end ] --START--
INFO: Run Behavior\ShowPageTraceBehavior [ RunTime:0.000492s ]
INFO: [ app_end ] --END-- [ RunTime:0.000539s ]

[ 2017-06-07T09:21:52+08:00 ] 127.0.0.1 /xionghaizi/admin.php/Comment/add
INFO: [ app_init ] --START--
INFO: Run Behavior\BuildLiteBehavior [ RunTime:0.000015s ]
INFO: [ app_init ] --END-- [ RunTime:0.000497s ]
INFO: [ app_begin ] --START--
INFO: Run Behavior\ReadHtmlCacheBehavior [ RunTime:0.000466s ]
INFO: [ app_begin ] --END-- [ RunTime:0.000523s ]
INFO: [ view_parse ] --START--
INFO: [ template_filter ] --START--
INFO: Run Behavior\ContentReplaceBehavior [ RunTime:0.000083s ]
INFO: [ template_filter ] --END-- [ RunTime:0.000179s ]
INFO: Run Behavior\ParseTemplateBehavior [ RunTime:0.050847s ]
INFO: [ view_parse ] --END-- [ RunTime:0.050923s ]
INFO: [ view_filter ] --START--
INFO: Run Behavior\WriteHtmlCacheBehavior [ RunTime:0.000318s ]
INFO: [ view_filter ] --END-- [ RunTime:0.000363s ]
INFO: [ app_end ] --START--
INFO: Run Behavior\ShowPageTraceBehavior [ RunTime:0.000546s ]
INFO: [ app_end ] --END-- [ RunTime:0.000604s ]

